<?xml version="1.0" encoding="UTF-8"?>
<testng-results skipped="0" failed="0" ignored="0" total="1" passed="1">
  <reporter-output>
  </reporter-output>
  <suite name="Command line suite" duration-ms="10" started-at="2022-03-29T06:19:29Z" finished-at="2022-03-29T06:19:29Z">
    <groups>
    </groups>
    <test name="Command line test" duration-ms="10" started-at="2022-03-29T06:19:29Z" finished-at="2022-03-29T06:19:29Z">
      <class name="GitPractice.GitPractice.AppTest">
        <test-method status="PASS" signature="testApp()[pri:0, instance:testApp(GitPractice.GitPractice.AppTest)]" name="testApp" duration-ms="1" started-at="2022-03-29T06:19:29Z" finished-at="2022-03-29T06:19:29Z">
          <reporter-output>
          </reporter-output>
        </test-method> <!-- testApp -->
      </class> <!-- GitPractice.GitPractice.AppTest -->
    </test> <!-- Command line test -->
  </suite> <!-- Command line suite -->
</testng-results>
