<?xml version="1.0" encoding="UTF-8"?>
<testng-results skipped="0" failed="0" ignored="0" total="1" passed="1">
  <reporter-output>
  </reporter-output>
  <suite name="Command line suite" duration-ms="4741" started-at="2022-03-29T06:19:23Z" finished-at="2022-03-29T06:19:28Z">
    <groups>
    </groups>
    <test name="Command line test" duration-ms="4741" started-at="2022-03-29T06:19:23Z" finished-at="2022-03-29T06:19:28Z">
      <class name="GitPractice.GitPractice.LoginTest">
        <test-method status="PASS" signature="setUp()[pri:0, instance:GitPractice.GitPractice.LoginTest@3498ed]" name="setUp" is-config="true" duration-ms="2650" started-at="2022-03-29T06:19:20Z" finished-at="2022-03-29T06:19:23Z">
          <reporter-output>
          </reporter-output>
        </test-method> <!-- setUp -->
        <test-method status="PASS" signature="doLogin()[pri:0, instance:GitPractice.GitPractice.LoginTest@3498ed]" name="doLogin" duration-ms="4729" started-at="2022-03-29T06:19:23Z" finished-at="2022-03-29T06:19:28Z">
          <reporter-output>
          </reporter-output>
        </test-method> <!-- doLogin -->
        <test-method status="PASS" signature="tearDown()[pri:0, instance:GitPractice.GitPractice.LoginTest@3498ed]" name="tearDown" is-config="true" duration-ms="771" started-at="2022-03-29T06:19:28Z" finished-at="2022-03-29T06:19:29Z">
          <reporter-output>
          </reporter-output>
        </test-method> <!-- tearDown -->
      </class> <!-- GitPractice.GitPractice.LoginTest -->
    </test> <!-- Command line test -->
  </suite> <!-- Command line suite -->
</testng-results>
