<?xml version="1.0" encoding="UTF-8"?>
<testng-results skipped="0" failed="0" ignored="0" total="1" passed="1">
  <reporter-output>
  </reporter-output>
  <suite name="Default suite" duration-ms="3731" started-at="2022-03-29T06:02:25Z" finished-at="2022-03-29T06:02:29Z">
    <groups>
    </groups>
    <test name="Default test" duration-ms="3731" started-at="2022-03-29T06:02:25Z" finished-at="2022-03-29T06:02:29Z">
      <class name="GitPractice.GitPractice.LoginTest">
        <test-method status="PASS" signature="setUp()[pri:0, instance:GitPractice.GitPractice.LoginTest@4501b7af]" name="setUp" is-config="true" duration-ms="4312" started-at="2022-03-29T06:02:21Z" finished-at="2022-03-29T06:02:25Z">
          <reporter-output>
          </reporter-output>
        </test-method> <!-- setUp -->
        <test-method status="PASS" signature="doLogin()[pri:0, instance:GitPractice.GitPractice.LoginTest@4501b7af]" name="doLogin" duration-ms="3405" started-at="2022-03-29T06:02:25Z" finished-at="2022-03-29T06:02:29Z">
          <reporter-output>
          </reporter-output>
        </test-method> <!-- doLogin -->
        <test-method status="PASS" signature="tearDown()[pri:0, instance:GitPractice.GitPractice.LoginTest@4501b7af]" name="tearDown" is-config="true" duration-ms="815" started-at="2022-03-29T06:02:29Z" finished-at="2022-03-29T06:02:29Z">
          <reporter-output>
          </reporter-output>
        </test-method> <!-- tearDown -->
      </class> <!-- GitPractice.GitPractice.LoginTest -->
    </test> <!-- Default test -->
  </suite> <!-- Default suite -->
</testng-results>
